<?xml version="1.0" encoding="UTF-8"?>
<persistence version="2.1"
   xmlns="https://jakarta.ee/xml/ns/persistence" xmlns:xsi="http://www.w3.org/2001/XMLSchema-instance"
   xsi:schemaLocation="https://jakarta.ee/xml/ns/persistence https://jakarta.ee/xml/ns/persistence/persistence_2_1.xsd">
    <persistence-unit name="lada">
        <provider>org.hibernate.jpa.HibernatePersistenceProvider</provider>
        <jta-data-source>java:jboss/lada-test</jta-data-source>
        <exclude-unlisted-classes>false</exclude-unlisted-classes>
        <properties>
            <property name="jboss.entity.manager.jndi.name" value="java:app/entitymanager/lada"/>
            <property name="hibernate.show_sql" value="false" />
            <property name="hibernate.dialect" value="org.hibernate.spatial.dialect.postgis.PostgisDialect"/>
            <property name="hibernate.hbm2ddl.auto" value="none"/>
            <property
                name="hibernate.implicit_naming_strategy"
                value="de.intevation.lada.model.NamingStrategy"/>
        </properties>
    </persistence-unit>
</persistence>
