<?xml version="1.0" encoding="UTF-8"?>
<persistence version="2.1"
   xmlns="http://xmlns.jcp.org/xml/ns/persistence" xmlns:xsi="http://www.w3.org/2001/XMLSchema-instance"
   xsi:schemaLocation="http://xmlns.jcp.org/xml/ns/persistence http://xmlns.jcp.org/xml/ns/persistence/persistence_2_1.xsd">
   	<persistence-unit name="land">
   	    <provider>org.hibernate.jpa.HibernatePersistenceProvider</provider>
        <jta-data-source>java:jboss/lada-land</jta-data-source>
       	<exclude-unlisted-classes>false</exclude-unlisted-classes>
    	<properties>
            <property name="jboss.entity.manager.jndi.name" value="java:app/entitymanager/land"/>
            <property name="hibernate.show_sql" value="false" />
            <property name="hibernate.dialect" value="org.hibernate.spatial.dialect.postgis.PostgisDialect"/>
            <property name="hibernate.hbm2ddl.auto" value="none"/>
       </properties>
    </persistence-unit>
    <persistence-unit name="stamm">
        <provider>org.hibernate.jpa.HibernatePersistenceProvider</provider>
        <jta-data-source>java:jboss/lada-stamm</jta-data-source>
        <properties>
            <property name="jboss.entity.manager.jndi.name" value="java:app/entitymanager/stamm"/>
            <property name="hibernate.show_sql" value="false" />
            <property name="hibernate.dialect" value="org.hibernate.spatial.dialect.postgis.PostgisDialect"/>
            <property name="hibernate.hbm2ddl.auto" value="none"/>
        </properties>
    </persistence-unit>
</persistence>
